  main.cpp
  ofApp.cpp
C:\Users\葉月\Desktop\openframeworks\libs\openFrameworks\utils\ofLog.h : warning C4819: ファイルは、現在のコード ページ (932) で表示できない文字を含んでいます。データの損失を防ぐために、ファイルを Unicode 形式で保存してください。 (ソース ファイルをコンパイルしています src\ofApp.cpp)
C:\Users\葉月\Desktop\openframeworks\libs\openFrameworks\utils\ofLog.h : warning C4819: ファイルは、現在のコード ページ (932) で表示できない文字を含んでいます。データの損失を防ぐために、ファイルを Unicode 形式で保存してください。 (ソース ファイルをコンパイルしています src\main.cpp)
C:\Users\葉月\Desktop\openframeworks\libs\openFrameworks\types\ofTypes.h : warning C4819: ファイルは、現在のコード ページ (932) で表示できない文字を含んでいます。データの損失を防ぐために、ファイルを Unicode 形式で保存してください。 (ソース ファイルをコンパイルしています src\ofApp.cpp)
C:\Users\葉月\Desktop\openframeworks\libs\openFrameworks\types\ofTypes.h : warning C4819: ファイルは、現在のコード ページ (932) で表示できない文字を含んでいます。データの損失を防ぐために、ファイルを Unicode 形式で保存してください。 (ソース ファイルをコンパイルしています src\main.cpp)
c:\users\葉月\desktop\openframeworks\libs\openframeworks\types\ofColor.h : warning C4819: ファイルは、現在のコード ページ (932) で表示できない文字を含んでいます。データの損失を防ぐために、ファイルを Unicode 形式で保存してください。 (ソース ファイルをコンパイルしています src\ofApp.cpp)
c:\users\葉月\desktop\openframeworks\libs\openframeworks\types\ofColor.h : warning C4819: ファイルは、現在のコード ページ (932) で表示できない文字を含んでいます。データの損失を防ぐために、ファイルを Unicode 形式で保存してください。 (ソース ファイルをコンパイルしています src\main.cpp)
c:\users\葉月\desktop\openframeworks\libs\openframeworks\math\ofVec3f.h : warning C4819: ファイルは、現在のコード ページ (932) で表示できない文字を含んでいます。データの損失を防ぐために、ファイルを Unicode 形式で保存してください。 (ソース ファイルをコンパイルしています src\ofApp.cpp)
c:\users\葉月\desktop\openframeworks\libs\openframeworks\math\ofVec3f.h : warning C4819: ファイルは、現在のコード ページ (932) で表示できない文字を含んでいます。データの損失を防ぐために、ファイルを Unicode 形式で保存してください。 (ソース ファイルをコンパイルしています src\main.cpp)
c:\users\葉月\desktop\openframeworks\libs\openframeworks\math\ofVec2f.h : warning C4819: ファイルは、現在のコード ページ (932) で表示できない文字を含んでいます。データの損失を防ぐために、ファイルを Unicode 形式で保存してください。 (ソース ファイルをコンパイルしています src\ofApp.cpp)
c:\users\葉月\desktop\openframeworks\libs\openframeworks\math\ofVec2f.h : warning C4819: ファイルは、現在のコード ページ (932) で表示できない文字を含んでいます。データの損失を防ぐために、ファイルを Unicode 形式で保存してください。 (ソース ファイルをコンパイルしています src\main.cpp)
c:\users\葉月\desktop\openframeworks\libs\openframeworks\types\ofColor.h(778): warning C4819: ファイルは、現在のコード ページ (932) で表示できない文字を含んでいます。データの損失を防ぐために、ファイルを Unicode 形式で保存してください。 (ソース ファイルをコンパイルしています src\main.cpp)
c:\users\葉月\desktop\openframeworks\libs\openframeworks\types\ofColor.h(778): warning C4819: ファイルは、現在のコード ページ (932) で表示できない文字を含んでいます。データの損失を防ぐために、ファイルを Unicode 形式で保存してください。 (ソース ファイルをコンパイルしています src\ofApp.cpp)
C:\Users\葉月\Desktop\openframeworks\libs\openFrameworks\3d\ofMesh.h : warning C4819: ファイルは、現在のコード ページ (932) で表示できない文字を含んでいます。データの損失を防ぐために、ファイルを Unicode 形式で保存してください。 (ソース ファイルをコンパイルしています src\main.cpp)
C:\Users\葉月\Desktop\openframeworks\libs\openFrameworks\3d\ofMesh.h : warning C4819: ファイルは、現在のコード ページ (932) で表示できない文字を含んでいます。データの損失を防ぐために、ファイルを Unicode 形式で保存してください。 (ソース ファイルをコンパイルしています src\ofApp.cpp)
C:\Users\葉月\Desktop\openframeworks\libs\openFrameworks\graphics\ofPolyline.h : warning C4819: ファイルは、現在のコード ページ (932) で表示できない文字を含んでいます。データの損失を防ぐために、ファイルを Unicode 形式で保存してください。 (ソース ファイルをコンパイルしています src\main.cpp)
C:\Users\葉月\Desktop\openframeworks\libs\openFrameworks\graphics\ofPolyline.h : warning C4819: ファイルは、現在のコード ページ (932) で表示できない文字を含んでいます。データの損失を防ぐために、ファイルを Unicode 形式で保存してください。 (ソース ファイルをコンパイルしています src\ofApp.cpp)
C:\Users\葉月\Desktop\openframeworks\libs\openFrameworks\graphics\ofPath.h : warning C4819: ファイルは、現在のコード ページ (932) で表示できない文字を含んでいます。データの損失を防ぐために、ファイルを Unicode 形式で保存してください。 (ソース ファイルをコンパイルしています src\main.cpp)
C:\Users\葉月\Desktop\openframeworks\libs\openFrameworks\graphics\ofPath.h : warning C4819: ファイルは、現在のコード ページ (932) で表示できない文字を含んでいます。データの損失を防ぐために、ファイルを Unicode 形式で保存してください。 (ソース ファイルをコンパイルしています src\ofApp.cpp)
C:\Users\葉月\Desktop\openframeworks\libs\openFrameworks\3d\ofCamera.h : warning C4819: ファイルは、現在のコード ページ (932) で表示できない文字を含んでいます。データの損失を防ぐために、ファイルを Unicode 形式で保存してください。 (ソース ファイルをコンパイルしています src\main.cpp)
C:\Users\葉月\Desktop\openframeworks\libs\openFrameworks\3d\ofEasyCam.h : warning C4819: ファイルは、現在のコード ページ (932) で表示できない文字を含んでいます。データの損失を防ぐために、ファイルを Unicode 形式で保存してください。 (ソース ファイルをコンパイルしています src\main.cpp)
C:\Users\葉月\Desktop\openframeworks\libs\openFrameworks\3d\ofCamera.h : warning C4819: ファイルは、現在のコード ページ (932) で表示できない文字を含んでいます。データの損失を防ぐために、ファイルを Unicode 形式で保存してください。 (ソース ファイルをコンパイルしています src\ofApp.cpp)
C:\Users\葉月\Desktop\openframeworks\libs\openFrameworks\3d\ofEasyCam.h : warning C4819: ファイルは、現在のコード ページ (932) で表示できない文字を含んでいます。データの損失を防ぐために、ファイルを Unicode 形式で保存してください。 (ソース ファイルをコンパイルしています src\ofApp.cpp)
     ライブラリ bin\App_debug.lib とオブジェクト bin\App_debug.exp を作成中
  App.vcxproj -> C:\Users\葉月\Desktop\openframeworks\apps\App\App\bin\App_debug.exe
  App.vcxproj -> bin\App_debug.pdb (Full PDB)
  
  	                   9	C:\Users\葉月\Desktop\openframeworks\export\vs\Win32\
  	  新しいファイル		 2939392	C:\Users\葉月\Desktop\openframeworks\export\vs\Win32\assimp.dll
  	  新しいファイル		 1266176	C:\Users\葉月\Desktop\openframeworks\export\vs\Win32\fmodex.dll
  	  新しいファイル		 1312768	C:\Users\葉月\Desktop\openframeworks\export\vs\Win32\fmodexL.dll
  	  新しいファイル		 5647872	C:\Users\葉月\Desktop\openframeworks\export\vs\Win32\FreeImage.dll
  	  新しいファイル		  580608	C:\Users\葉月\Desktop\openframeworks\export\vs\Win32\freetype.dll
  	  新しいファイル		  237568	C:\Users\葉月\Desktop\openframeworks\export\vs\Win32\glut32.dll
  	  新しいファイル		 1178624	C:\Users\葉月\Desktop\openframeworks\export\vs\Win32\libeay32.dll
  	  新しいファイル		  269824	C:\Users\葉月\Desktop\openframeworks\export\vs\Win32\ssleay32.dll
  	  新しいファイル		   69632	C:\Users\葉月\Desktop\openframeworks\export\vs\Win32\Zlib.dll
