  ofxCvColorImage.cpp
  ofxCvContourFinder.cpp
  ofxCvFloatImage.cpp
  ofxCvGrayscaleImage.cpp
C:\Users\葉月\Documents\CODES\OpenFrameworks\of_v0.9.3_vs_release\addons\ofxOpenCv\libs\opencv\include\opencv2/legacy/compat.hpp : warning C4819: ファイルは、現在のコード ページ (932) で表示できない文字を含んでいます。データの損失を防ぐために、ファイルを Unicode 形式で保存してください。 (ソース ファイルをコンパイルしています ..\..\..\addons\ofxOpenCv\src\ofxCvFloatImage.cpp)
C:\Users\葉月\Documents\CODES\OpenFrameworks\of_v0.9.3_vs_release\addons\ofxOpenCv\libs\opencv\include\opencv2/legacy/compat.hpp : warning C4819: ファイルは、現在のコード ページ (932) で表示できない文字を含んでいます。データの損失を防ぐために、ファイルを Unicode 形式で保存してください。 (ソース ファイルをコンパイルしています ..\..\..\addons\ofxOpenCv\src\ofxCvGrayscaleImage.cpp)
C:\Users\葉月\Documents\CODES\OpenFrameworks\of_v0.9.3_vs_release\addons\ofxOpenCv\libs\opencv\include\opencv2/legacy/compat.hpp : warning C4819: ファイルは、現在のコード ページ (932) で表示できない文字を含んでいます。データの損失を防ぐために、ファイルを Unicode 形式で保存してください。 (ソース ファイルをコンパイルしています ..\..\..\addons\ofxOpenCv\src\ofxCvContourFinder.cpp)
C:\Users\葉月\Documents\CODES\OpenFrameworks\of_v0.9.3_vs_release\addons\ofxOpenCv\libs\opencv\include\opencv2/legacy/compat.hpp : warning C4819: ファイルは、現在のコード ページ (932) で表示できない文字を含んでいます。データの損失を防ぐために、ファイルを Unicode 形式で保存してください。 (ソース ファイルをコンパイルしています ..\..\..\addons\ofxOpenCv\src\ofxCvColorImage.cpp)
C:\Users\葉月\Documents\CODES\OpenFrameworks\of_v0.9.3_vs_release\libs\openFrameworks\utils\ofLog.h : warning C4819: ファイルは、現在のコード ページ (932) で表示できない文字を含んでいます。データの損失を防ぐために、ファイルを Unicode 形式で保存してください。 (ソース ファイルをコンパイルしています ..\..\..\addons\ofxOpenCv\src\ofxCvFloatImage.cpp)
C:\Users\葉月\Documents\CODES\OpenFrameworks\of_v0.9.3_vs_release\libs\openFrameworks\utils\ofLog.h : warning C4819: ファイルは、現在のコード ページ (932) で表示できない文字を含んでいます。データの損失を防ぐために、ファイルを Unicode 形式で保存してください。 (ソース ファイルをコンパイルしています ..\..\..\addons\ofxOpenCv\src\ofxCvColorImage.cpp)
C:\Users\葉月\Documents\CODES\OpenFrameworks\of_v0.9.3_vs_release\libs\openFrameworks\types\ofTypes.h : warning C4819: ファイルは、現在のコード ページ (932) で表示できない文字を含んでいます。データの損失を防ぐために、ファイルを Unicode 形式で保存してください。 (ソース ファイルをコンパイルしています ..\..\..\addons\ofxOpenCv\src\ofxCvFloatImage.cpp)
c:\users\葉月\documents\codes\openframeworks\of_v0.9.3_vs_release\libs\openframeworks\types\ofColor.h : warning C4819: ファイルは、現在のコード ページ (932) で表示できない文字を含んでいます。データの損失を防ぐために、ファイルを Unicode 形式で保存してください。 (ソース ファイルをコンパイルしています ..\..\..\addons\ofxOpenCv\src\ofxCvFloatImage.cpp)
C:\Users\葉月\Documents\CODES\OpenFrameworks\of_v0.9.3_vs_release\libs\openFrameworks\types\ofTypes.h : warning C4819: ファイルは、現在のコード ページ (932) で表示できない文字を含んでいます。データの損失を防ぐために、ファイルを Unicode 形式で保存してください。 (ソース ファイルをコンパイルしています ..\..\..\addons\ofxOpenCv\src\ofxCvColorImage.cpp)
c:\users\葉月\documents\codes\openframeworks\of_v0.9.3_vs_release\libs\openframeworks\types\ofColor.h : warning C4819: ファイルは、現在のコード ページ (932) で表示できない文字を含んでいます。データの損失を防ぐために、ファイルを Unicode 形式で保存してください。 (ソース ファイルをコンパイルしています ..\..\..\addons\ofxOpenCv\src\ofxCvColorImage.cpp)
c:\users\葉月\documents\codes\openframeworks\of_v0.9.3_vs_release\libs\openframeworks\math\ofVec3f.h : warning C4819: ファイルは、現在のコード ページ (932) で表示できない文字を含んでいます。データの損失を防ぐために、ファイルを Unicode 形式で保存してください。 (ソース ファイルをコンパイルしています ..\..\..\addons\ofxOpenCv\src\ofxCvFloatImage.cpp)
c:\users\葉月\documents\codes\openframeworks\of_v0.9.3_vs_release\libs\openframeworks\math\ofVec3f.h : warning C4819: ファイルは、現在のコード ページ (932) で表示できない文字を含んでいます。データの損失を防ぐために、ファイルを Unicode 形式で保存してください。 (ソース ファイルをコンパイルしています ..\..\..\addons\ofxOpenCv\src\ofxCvColorImage.cpp)
c:\users\葉月\documents\codes\openframeworks\of_v0.9.3_vs_release\libs\openframeworks\math\ofVec2f.h : warning C4819: ファイルは、現在のコード ページ (932) で表示できない文字を含んでいます。データの損失を防ぐために、ファイルを Unicode 形式で保存してください。 (ソース ファイルをコンパイルしています ..\..\..\addons\ofxOpenCv\src\ofxCvFloatImage.cpp)
c:\users\葉月\documents\codes\openframeworks\of_v0.9.3_vs_release\libs\openframeworks\math\ofVec2f.h : warning C4819: ファイルは、現在のコード ページ (932) で表示できない文字を含んでいます。データの損失を防ぐために、ファイルを Unicode 形式で保存してください。 (ソース ファイルをコンパイルしています ..\..\..\addons\ofxOpenCv\src\ofxCvColorImage.cpp)
C:\Users\葉月\Documents\CODES\OpenFrameworks\of_v0.9.3_vs_release\libs\openFrameworks\utils\ofLog.h : warning C4819: ファイルは、現在のコード ページ (932) で表示できない文字を含んでいます。データの損失を防ぐために、ファイルを Unicode 形式で保存してください。 (ソース ファイルをコンパイルしています ..\..\..\addons\ofxOpenCv\src\ofxCvGrayscaleImage.cpp)
C:\Users\葉月\Documents\CODES\OpenFrameworks\of_v0.9.3_vs_release\libs\openFrameworks\types\ofTypes.h : warning C4819: ファイルは、現在のコード ページ (932) で表示できない文字を含んでいます。データの損失を防ぐために、ファイルを Unicode 形式で保存してください。 (ソース ファイルをコンパイルしています ..\..\..\addons\ofxOpenCv\src\ofxCvGrayscaleImage.cpp)
c:\users\葉月\documents\codes\openframeworks\of_v0.9.3_vs_release\libs\openframeworks\types\ofColor.h : warning C4819: ファイルは、現在のコード ページ (932) で表示できない文字を含んでいます。データの損失を防ぐために、ファイルを Unicode 形式で保存してください。 (ソース ファイルをコンパイルしています ..\..\..\addons\ofxOpenCv\src\ofxCvGrayscaleImage.cpp)
c:\users\葉月\documents\codes\openframeworks\of_v0.9.3_vs_release\libs\openframeworks\math\ofVec3f.h : warning C4819: ファイルは、現在のコード ページ (932) で表示できない文字を含んでいます。データの損失を防ぐために、ファイルを Unicode 形式で保存してください。 (ソース ファイルをコンパイルしています ..\..\..\addons\ofxOpenCv\src\ofxCvGrayscaleImage.cpp)
c:\users\葉月\documents\codes\openframeworks\of_v0.9.3_vs_release\libs\openframeworks\math\ofVec2f.h : warning C4819: ファイルは、現在のコード ページ (932) で表示できない文字を含んでいます。データの損失を防ぐために、ファイルを Unicode 形式で保存してください。 (ソース ファイルをコンパイルしています ..\..\..\addons\ofxOpenCv\src\ofxCvGrayscaleImage.cpp)
c:\users\葉月\documents\codes\openframeworks\of_v0.9.3_vs_release\libs\openframeworks\types\ofColor.h(778): warning C4819: ファイルは、現在のコード ページ (932) で表示できない文字を含んでいます。データの損失を防ぐために、ファイルを Unicode 形式で保存してください。 (ソース ファイルをコンパイルしています ..\..\..\addons\ofxOpenCv\src\ofxCvFloatImage.cpp)
c:\users\葉月\documents\codes\openframeworks\of_v0.9.3_vs_release\libs\openframeworks\types\ofColor.h(778): warning C4819: ファイルは、現在のコード ページ (932) で表示できない文字を含んでいます。データの損失を防ぐために、ファイルを Unicode 形式で保存してください。 (ソース ファイルをコンパイルしています ..\..\..\addons\ofxOpenCv\src\ofxCvColorImage.cpp)
c:\users\葉月\documents\codes\openframeworks\of_v0.9.3_vs_release\libs\openframeworks\types\ofColor.h(778): warning C4819: ファイルは、現在のコード ページ (932) で表示できない文字を含んでいます。データの損失を防ぐために、ファイルを Unicode 形式で保存してください。 (ソース ファイルをコンパイルしています ..\..\..\addons\ofxOpenCv\src\ofxCvGrayscaleImage.cpp)
C:\Users\葉月\Documents\CODES\OpenFrameworks\of_v0.9.3_vs_release\libs\openFrameworks\utils\ofLog.h : warning C4819: ファイルは、現在のコード ページ (932) で表示できない文字を含んでいます。データの損失を防ぐために、ファイルを Unicode 形式で保存してください。 (ソース ファイルをコンパイルしています ..\..\..\addons\ofxOpenCv\src\ofxCvContourFinder.cpp)
C:\Users\葉月\Documents\CODES\OpenFrameworks\of_v0.9.3_vs_release\libs\openFrameworks\types\ofTypes.h : warning C4819: ファイルは、現在のコード ページ (932) で表示できない文字を含んでいます。データの損失を防ぐために、ファイルを Unicode 形式で保存してください。 (ソース ファイルをコンパイルしています ..\..\..\addons\ofxOpenCv\src\ofxCvContourFinder.cpp)
c:\users\葉月\documents\codes\openframeworks\of_v0.9.3_vs_release\libs\openframeworks\types\ofColor.h : warning C4819: ファイルは、現在のコード ページ (932) で表示できない文字を含んでいます。データの損失を防ぐために、ファイルを Unicode 形式で保存してください。 (ソース ファイルをコンパイルしています ..\..\..\addons\ofxOpenCv\src\ofxCvContourFinder.cpp)
c:\users\葉月\documents\codes\openframeworks\of_v0.9.3_vs_release\libs\openframeworks\math\ofVec3f.h : warning C4819: ファイルは、現在のコード ページ (932) で表示できない文字を含んでいます。データの損失を防ぐために、ファイルを Unicode 形式で保存してください。 (ソース ファイルをコンパイルしています ..\..\..\addons\ofxOpenCv\src\ofxCvContourFinder.cpp)
c:\users\葉月\documents\codes\openframeworks\of_v0.9.3_vs_release\libs\openframeworks\math\ofVec2f.h : warning C4819: ファイルは、現在のコード ページ (932) で表示できない文字を含んでいます。データの損失を防ぐために、ファイルを Unicode 形式で保存してください。 (ソース ファイルをコンパイルしています ..\..\..\addons\ofxOpenCv\src\ofxCvContourFinder.cpp)
c:\users\葉月\documents\codes\openframeworks\of_v0.9.3_vs_release\libs\openframeworks\types\ofColor.h(778): warning C4819: ファイルは、現在のコード ページ (932) で表示できない文字を含んでいます。データの損失を防ぐために、ファイルを Unicode 形式で保存してください。 (ソース ファイルをコンパイルしています ..\..\..\addons\ofxOpenCv\src\ofxCvContourFinder.cpp)
C:\Users\葉月\Documents\CODES\OpenFrameworks\of_v0.9.3_vs_release\libs\openFrameworks\3d\ofMesh.h : warning C4819: ファイルは、現在のコード ページ (932) で表示できない文字を含んでいます。データの損失を防ぐために、ファイルを Unicode 形式で保存してください。 (ソース ファイルをコンパイルしています ..\..\..\addons\ofxOpenCv\src\ofxCvFloatImage.cpp)
C:\Users\葉月\Documents\CODES\OpenFrameworks\of_v0.9.3_vs_release\libs\openFrameworks\3d\ofMesh.h : warning C4819: ファイルは、現在のコード ページ (932) で表示できない文字を含んでいます。データの損失を防ぐために、ファイルを Unicode 形式で保存してください。 (ソース ファイルをコンパイルしています ..\..\..\addons\ofxOpenCv\src\ofxCvColorImage.cpp)
C:\Users\葉月\Documents\CODES\OpenFrameworks\of_v0.9.3_vs_release\libs\openFrameworks\3d\ofMesh.h : warning C4819: ファイルは、現在のコード ページ (932) で表示できない文字を含んでいます。データの損失を防ぐために、ファイルを Unicode 形式で保存してください。 (ソース ファイルをコンパイルしています ..\..\..\addons\ofxOpenCv\src\ofxCvGrayscaleImage.cpp)
C:\Users\葉月\Documents\CODES\OpenFrameworks\of_v0.9.3_vs_release\libs\openFrameworks\3d\ofMesh.h : warning C4819: ファイルは、現在のコード ページ (932) で表示できない文字を含んでいます。データの損失を防ぐために、ファイルを Unicode 形式で保存してください。 (ソース ファイルをコンパイルしています ..\..\..\addons\ofxOpenCv\src\ofxCvContourFinder.cpp)
C:\Users\葉月\Documents\CODES\OpenFrameworks\of_v0.9.3_vs_release\libs\openFrameworks\graphics\ofPolyline.h : warning C4819: ファイルは、現在のコード ページ (932) で表示できない文字を含んでいます。データの損失を防ぐために、ファイルを Unicode 形式で保存してください。 (ソース ファイルをコンパイルしています ..\..\..\addons\ofxOpenCv\src\ofxCvFloatImage.cpp)
C:\Users\葉月\Documents\CODES\OpenFrameworks\of_v0.9.3_vs_release\libs\openFrameworks\graphics\ofPolyline.h : warning C4819: ファイルは、現在のコード ページ (932) で表示できない文字を含んでいます。データの損失を防ぐために、ファイルを Unicode 形式で保存してください。 (ソース ファイルをコンパイルしています ..\..\..\addons\ofxOpenCv\src\ofxCvColorImage.cpp)
C:\Users\葉月\Documents\CODES\OpenFrameworks\of_v0.9.3_vs_release\libs\openFrameworks\graphics\ofPolyline.h : warning C4819: ファイルは、現在のコード ページ (932) で表示できない文字を含んでいます。データの損失を防ぐために、ファイルを Unicode 形式で保存してください。 (ソース ファイルをコンパイルしています ..\..\..\addons\ofxOpenCv\src\ofxCvGrayscaleImage.cpp)
C:\Users\葉月\Documents\CODES\OpenFrameworks\of_v0.9.3_vs_release\libs\openFrameworks\graphics\ofPolyline.h : warning C4819: ファイルは、現在のコード ページ (932) で表示できない文字を含んでいます。データの損失を防ぐために、ファイルを Unicode 形式で保存してください。 (ソース ファイルをコンパイルしています ..\..\..\addons\ofxOpenCv\src\ofxCvContourFinder.cpp)
C:\Users\葉月\Documents\CODES\OpenFrameworks\of_v0.9.3_vs_release\libs\openFrameworks\graphics\ofPath.h : warning C4819: ファイルは、現在のコード ページ (932) で表示できない文字を含んでいます。データの損失を防ぐために、ファイルを Unicode 形式で保存してください。 (ソース ファイルをコンパイルしています ..\..\..\addons\ofxOpenCv\src\ofxCvFloatImage.cpp)
C:\Users\葉月\Documents\CODES\OpenFrameworks\of_v0.9.3_vs_release\libs\openFrameworks\graphics\ofPath.h : warning C4819: ファイルは、現在のコード ページ (932) で表示できない文字を含んでいます。データの損失を防ぐために、ファイルを Unicode 形式で保存してください。 (ソース ファイルをコンパイルしています ..\..\..\addons\ofxOpenCv\src\ofxCvColorImage.cpp)
C:\Users\葉月\Documents\CODES\OpenFrameworks\of_v0.9.3_vs_release\libs\openFrameworks\graphics\ofPath.h : warning C4819: ファイルは、現在のコード ページ (932) で表示できない文字を含んでいます。データの損失を防ぐために、ファイルを Unicode 形式で保存してください。 (ソース ファイルをコンパイルしています ..\..\..\addons\ofxOpenCv\src\ofxCvGrayscaleImage.cpp)
C:\Users\葉月\Documents\CODES\OpenFrameworks\of_v0.9.3_vs_release\libs\openFrameworks\graphics\ofPath.h : warning C4819: ファイルは、現在のコード ページ (932) で表示できない文字を含んでいます。データの損失を防ぐために、ファイルを Unicode 形式で保存してください。 (ソース ファイルをコンパイルしています ..\..\..\addons\ofxOpenCv\src\ofxCvContourFinder.cpp)
C:\Users\葉月\Documents\CODES\OpenFrameworks\of_v0.9.3_vs_release\libs\openFrameworks\3d\ofCamera.h : warning C4819: ファイルは、現在のコード ページ (932) で表示できない文字を含んでいます。データの損失を防ぐために、ファイルを Unicode 形式で保存してください。 (ソース ファイルをコンパイルしています ..\..\..\addons\ofxOpenCv\src\ofxCvFloatImage.cpp)
C:\Users\葉月\Documents\CODES\OpenFrameworks\of_v0.9.3_vs_release\libs\openFrameworks\3d\ofCamera.h : warning C4819: ファイルは、現在のコード ページ (932) で表示できない文字を含んでいます。データの損失を防ぐために、ファイルを Unicode 形式で保存してください。 (ソース ファイルをコンパイルしています ..\..\..\addons\ofxOpenCv\src\ofxCvGrayscaleImage.cpp)
C:\Users\葉月\Documents\CODES\OpenFrameworks\of_v0.9.3_vs_release\libs\openFrameworks\3d\ofEasyCam.h : warning C4819: ファイルは、現在のコード ページ (932) で表示できない文字を含んでいます。データの損失を防ぐために、ファイルを Unicode 形式で保存してください。 (ソース ファイルをコンパイルしています ..\..\..\addons\ofxOpenCv\src\ofxCvGrayscaleImage.cpp)
C:\Users\葉月\Documents\CODES\OpenFrameworks\of_v0.9.3_vs_release\libs\openFrameworks\3d\ofEasyCam.h : warning C4819: ファイルは、現在のコード ページ (932) で表示できない文字を含んでいます。データの損失を防ぐために、ファイルを Unicode 形式で保存してください。 (ソース ファイルをコンパイルしています ..\..\..\addons\ofxOpenCv\src\ofxCvFloatImage.cpp)
C:\Users\葉月\Documents\CODES\OpenFrameworks\of_v0.9.3_vs_release\libs\openFrameworks\3d\ofCamera.h : warning C4819: ファイルは、現在のコード ページ (932) で表示できない文字を含んでいます。データの損失を防ぐために、ファイルを Unicode 形式で保存してください。 (ソース ファイルをコンパイルしています ..\..\..\addons\ofxOpenCv\src\ofxCvColorImage.cpp)
C:\Users\葉月\Documents\CODES\OpenFrameworks\of_v0.9.3_vs_release\libs\openFrameworks\3d\ofEasyCam.h : warning C4819: ファイルは、現在のコード ページ (932) で表示できない文字を含んでいます。データの損失を防ぐために、ファイルを Unicode 形式で保存してください。 (ソース ファイルをコンパイルしています ..\..\..\addons\ofxOpenCv\src\ofxCvColorImage.cpp)
C:\Users\葉月\Documents\CODES\OpenFrameworks\of_v0.9.3_vs_release\libs\openFrameworks\3d\ofCamera.h : warning C4819: ファイルは、現在のコード ページ (932) で表示できない文字を含んでいます。データの損失を防ぐために、ファイルを Unicode 形式で保存してください。 (ソース ファイルをコンパイルしています ..\..\..\addons\ofxOpenCv\src\ofxCvContourFinder.cpp)
C:\Users\葉月\Documents\CODES\OpenFrameworks\of_v0.9.3_vs_release\libs\openFrameworks\3d\ofEasyCam.h : warning C4819: ファイルは、現在のコード ページ (932) で表示できない文字を含んでいます。データの損失を防ぐために、ファイルを Unicode 形式で保存してください。 (ソース ファイルをコンパイルしています ..\..\..\addons\ofxOpenCv\src\ofxCvContourFinder.cpp)
  ofxCvHaarFinder.cpp
  ofxCvImage.cpp
  ofxCvShortImage.cpp
  main.cpp
C:\Users\葉月\Documents\CODES\OpenFrameworks\of_v0.9.3_vs_release\addons\ofxOpenCv\libs\opencv\include\opencv2/legacy/compat.hpp : warning C4819: ファイルは、現在のコード ページ (932) で表示できない文字を含んでいます。データの損失を防ぐために、ファイルを Unicode 形式で保存してください。 (ソース ファイルをコンパイルしています ..\..\..\addons\ofxOpenCv\src\ofxCvImage.cpp)
C:\Users\葉月\Documents\CODES\OpenFrameworks\of_v0.9.3_vs_release\addons\ofxOpenCv\libs\opencv\include\opencv2/legacy/compat.hpp : warning C4819: ファイルは、現在のコード ページ (932) で表示できない文字を含んでいます。データの損失を防ぐために、ファイルを Unicode 形式で保存してください。 (ソース ファイルをコンパイルしています ..\..\..\addons\ofxOpenCv\src\ofxCvShortImage.cpp)
C:\Users\葉月\Documents\CODES\OpenFrameworks\of_v0.9.3_vs_release\libs\openFrameworks\utils\ofLog.h : warning C4819: ファイルは、現在のコード ページ (932) で表示できない文字を含んでいます。データの損失を防ぐために、ファイルを Unicode 形式で保存してください。 (ソース ファイルをコンパイルしています ..\..\..\addons\ofxOpenCv\src\ofxCvHaarFinder.cpp)
C:\Users\葉月\Documents\CODES\OpenFrameworks\of_v0.9.3_vs_release\libs\openFrameworks\types\ofTypes.h : warning C4819: ファイルは、現在のコード ページ (932) で表示できない文字を含んでいます。データの損失を防ぐために、ファイルを Unicode 形式で保存してください。 (ソース ファイルをコンパイルしています ..\..\..\addons\ofxOpenCv\src\ofxCvHaarFinder.cpp)
c:\users\葉月\documents\codes\openframeworks\of_v0.9.3_vs_release\libs\openframeworks\types\ofColor.h : warning C4819: ファイルは、現在のコード ページ (932) で表示できない文字を含んでいます。データの損失を防ぐために、ファイルを Unicode 形式で保存してください。 (ソース ファイルをコンパイルしています ..\..\..\addons\ofxOpenCv\src\ofxCvHaarFinder.cpp)
c:\users\葉月\documents\codes\openframeworks\of_v0.9.3_vs_release\libs\openframeworks\math\ofVec3f.h : warning C4819: ファイルは、現在のコード ページ (932) で表示できない文字を含んでいます。データの損失を防ぐために、ファイルを Unicode 形式で保存してください。 (ソース ファイルをコンパイルしています ..\..\..\addons\ofxOpenCv\src\ofxCvHaarFinder.cpp)
c:\users\葉月\documents\codes\openframeworks\of_v0.9.3_vs_release\libs\openframeworks\math\ofVec2f.h : warning C4819: ファイルは、現在のコード ページ (932) で表示できない文字を含んでいます。データの損失を防ぐために、ファイルを Unicode 形式で保存してください。 (ソース ファイルをコンパイルしています ..\..\..\addons\ofxOpenCv\src\ofxCvHaarFinder.cpp)
c:\users\葉月\documents\codes\openframeworks\of_v0.9.3_vs_release\libs\openframeworks\types\ofColor.h(778): warning C4819: ファイルは、現在のコード ページ (932) で表示できない文字を含んでいます。データの損失を防ぐために、ファイルを Unicode 形式で保存してください。 (ソース ファイルをコンパイルしています ..\..\..\addons\ofxOpenCv\src\ofxCvHaarFinder.cpp)
C:\Users\葉月\Documents\CODES\OpenFrameworks\of_v0.9.3_vs_release\libs\openFrameworks\utils\ofLog.h : warning C4819: ファイルは、現在のコード ページ (932) で表示できない文字を含んでいます。データの損失を防ぐために、ファイルを Unicode 形式で保存してください。 (ソース ファイルをコンパイルしています src\main.cpp)
C:\Users\葉月\Documents\CODES\OpenFrameworks\of_v0.9.3_vs_release\libs\openFrameworks\types\ofTypes.h : warning C4819: ファイルは、現在のコード ページ (932) で表示できない文字を含んでいます。データの損失を防ぐために、ファイルを Unicode 形式で保存してください。 (ソース ファイルをコンパイルしています src\main.cpp)
c:\users\葉月\documents\codes\openframeworks\of_v0.9.3_vs_release\libs\openframeworks\types\ofColor.h : warning C4819: ファイルは、現在のコード ページ (932) で表示できない文字を含んでいます。データの損失を防ぐために、ファイルを Unicode 形式で保存してください。 (ソース ファイルをコンパイルしています src\main.cpp)
c:\users\葉月\documents\codes\openframeworks\of_v0.9.3_vs_release\libs\openframeworks\math\ofVec3f.h : warning C4819: ファイルは、現在のコード ページ (932) で表示できない文字を含んでいます。データの損失を防ぐために、ファイルを Unicode 形式で保存してください。 (ソース ファイルをコンパイルしています src\main.cpp)
c:\users\葉月\documents\codes\openframeworks\of_v0.9.3_vs_release\libs\openframeworks\math\ofVec2f.h : warning C4819: ファイルは、現在のコード ページ (932) で表示できない文字を含んでいます。データの損失を防ぐために、ファイルを Unicode 形式で保存してください。 (ソース ファイルをコンパイルしています src\main.cpp)
c:\users\葉月\documents\codes\openframeworks\of_v0.9.3_vs_release\libs\openframeworks\types\ofColor.h(778): warning C4819: ファイルは、現在のコード ページ (932) で表示できない文字を含んでいます。データの損失を防ぐために、ファイルを Unicode 形式で保存してください。 (ソース ファイルをコンパイルしています src\main.cpp)
C:\Users\葉月\Documents\CODES\OpenFrameworks\of_v0.9.3_vs_release\libs\openFrameworks\3d\ofMesh.h : warning C4819: ファイルは、現在のコード ページ (932) で表示できない文字を含んでいます。データの損失を防ぐために、ファイルを Unicode 形式で保存してください。 (ソース ファイルをコンパイルしています ..\..\..\addons\ofxOpenCv\src\ofxCvHaarFinder.cpp)
C:\Users\葉月\Documents\CODES\OpenFrameworks\of_v0.9.3_vs_release\libs\openFrameworks\3d\ofMesh.h : warning C4819: ファイルは、現在のコード ページ (932) で表示できない文字を含んでいます。データの損失を防ぐために、ファイルを Unicode 形式で保存してください。 (ソース ファイルをコンパイルしています src\main.cpp)
C:\Users\葉月\Documents\CODES\OpenFrameworks\of_v0.9.3_vs_release\libs\openFrameworks\utils\ofLog.h : warning C4819: ファイルは、現在のコード ページ (932) で表示できない文字を含んでいます。データの損失を防ぐために、ファイルを Unicode 形式で保存してください。 (ソース ファイルをコンパイルしています ..\..\..\addons\ofxOpenCv\src\ofxCvImage.cpp)
C:\Users\葉月\Documents\CODES\OpenFrameworks\of_v0.9.3_vs_release\libs\openFrameworks\types\ofTypes.h : warning C4819: ファイルは、現在のコード ページ (932) で表示できない文字を含んでいます。データの損失を防ぐために、ファイルを Unicode 形式で保存してください。 (ソース ファイルをコンパイルしています ..\..\..\addons\ofxOpenCv\src\ofxCvImage.cpp)
c:\users\葉月\documents\codes\openframeworks\of_v0.9.3_vs_release\libs\openframeworks\types\ofColor.h : warning C4819: ファイルは、現在のコード ページ (932) で表示できない文字を含んでいます。データの損失を防ぐために、ファイルを Unicode 形式で保存してください。 (ソース ファイルをコンパイルしています ..\..\..\addons\ofxOpenCv\src\ofxCvImage.cpp)
c:\users\葉月\documents\codes\openframeworks\of_v0.9.3_vs_release\libs\openframeworks\math\ofVec3f.h : warning C4819: ファイルは、現在のコード ページ (932) で表示できない文字を含んでいます。データの損失を防ぐために、ファイルを Unicode 形式で保存してください。 (ソース ファイルをコンパイルしています ..\..\..\addons\ofxOpenCv\src\ofxCvImage.cpp)
c:\users\葉月\documents\codes\openframeworks\of_v0.9.3_vs_release\libs\openframeworks\math\ofVec2f.h : warning C4819: ファイルは、現在のコード ページ (932) で表示できない文字を含んでいます。データの損失を防ぐために、ファイルを Unicode 形式で保存してください。 (ソース ファイルをコンパイルしています ..\..\..\addons\ofxOpenCv\src\ofxCvImage.cpp)
c:\users\葉月\documents\codes\openframeworks\of_v0.9.3_vs_release\libs\openframeworks\types\ofColor.h(778): warning C4819: ファイルは、現在のコード ページ (932) で表示できない文字を含んでいます。データの損失を防ぐために、ファイルを Unicode 形式で保存してください。 (ソース ファイルをコンパイルしています ..\..\..\addons\ofxOpenCv\src\ofxCvImage.cpp)
C:\Users\葉月\Documents\CODES\OpenFrameworks\of_v0.9.3_vs_release\libs\openFrameworks\utils\ofLog.h : warning C4819: ファイルは、現在のコード ページ (932) で表示できない文字を含んでいます。データの損失を防ぐために、ファイルを Unicode 形式で保存してください。 (ソース ファイルをコンパイルしています ..\..\..\addons\ofxOpenCv\src\ofxCvShortImage.cpp)
C:\Users\葉月\Documents\CODES\OpenFrameworks\of_v0.9.3_vs_release\libs\openFrameworks\types\ofTypes.h : warning C4819: ファイルは、現在のコード ページ (932) で表示できない文字を含んでいます。データの損失を防ぐために、ファイルを Unicode 形式で保存してください。 (ソース ファイルをコンパイルしています ..\..\..\addons\ofxOpenCv\src\ofxCvShortImage.cpp)
c:\users\葉月\documents\codes\openframeworks\of_v0.9.3_vs_release\libs\openframeworks\types\ofColor.h : warning C4819: ファイルは、現在のコード ページ (932) で表示できない文字を含んでいます。データの損失を防ぐために、ファイルを Unicode 形式で保存してください。 (ソース ファイルをコンパイルしています ..\..\..\addons\ofxOpenCv\src\ofxCvShortImage.cpp)
c:\users\葉月\documents\codes\openframeworks\of_v0.9.3_vs_release\libs\openframeworks\math\ofVec3f.h : warning C4819: ファイルは、現在のコード ページ (932) で表示できない文字を含んでいます。データの損失を防ぐために、ファイルを Unicode 形式で保存してください。 (ソース ファイルをコンパイルしています ..\..\..\addons\ofxOpenCv\src\ofxCvShortImage.cpp)
c:\users\葉月\documents\codes\openframeworks\of_v0.9.3_vs_release\libs\openframeworks\math\ofVec2f.h : warning C4819: ファイルは、現在のコード ページ (932) で表示できない文字を含んでいます。データの損失を防ぐために、ファイルを Unicode 形式で保存してください。 (ソース ファイルをコンパイルしています ..\..\..\addons\ofxOpenCv\src\ofxCvShortImage.cpp)
c:\users\葉月\documents\codes\openframeworks\of_v0.9.3_vs_release\libs\openframeworks\types\ofColor.h(778): warning C4819: ファイルは、現在のコード ページ (932) で表示できない文字を含んでいます。データの損失を防ぐために、ファイルを Unicode 形式で保存してください。 (ソース ファイルをコンパイルしています ..\..\..\addons\ofxOpenCv\src\ofxCvShortImage.cpp)
C:\Users\葉月\Documents\CODES\OpenFrameworks\of_v0.9.3_vs_release\libs\openFrameworks\graphics\ofPolyline.h : warning C4819: ファイルは、現在のコード ページ (932) で表示できない文字を含んでいます。データの損失を防ぐために、ファイルを Unicode 形式で保存してください。 (ソース ファイルをコンパイルしています ..\..\..\addons\ofxOpenCv\src\ofxCvHaarFinder.cpp)
C:\Users\葉月\Documents\CODES\OpenFrameworks\of_v0.9.3_vs_release\libs\openFrameworks\graphics\ofPath.h : warning C4819: ファイルは、現在のコード ページ (932) で表示できない文字を含んでいます。データの損失を防ぐために、ファイルを Unicode 形式で保存してください。 (ソース ファイルをコンパイルしています ..\..\..\addons\ofxOpenCv\src\ofxCvHaarFinder.cpp)
C:\Users\葉月\Documents\CODES\OpenFrameworks\of_v0.9.3_vs_release\libs\openFrameworks\3d\ofMesh.h : warning C4819: ファイルは、現在のコード ページ (932) で表示できない文字を含んでいます。データの損失を防ぐために、ファイルを Unicode 形式で保存してください。 (ソース ファイルをコンパイルしています ..\..\..\addons\ofxOpenCv\src\ofxCvImage.cpp)
C:\Users\葉月\Documents\CODES\OpenFrameworks\of_v0.9.3_vs_release\libs\openFrameworks\graphics\ofPolyline.h : warning C4819: ファイルは、現在のコード ページ (932) で表示できない文字を含んでいます。データの損失を防ぐために、ファイルを Unicode 形式で保存してください。 (ソース ファイルをコンパイルしています src\main.cpp)
C:\Users\葉月\Documents\CODES\OpenFrameworks\of_v0.9.3_vs_release\libs\openFrameworks\3d\ofMesh.h : warning C4819: ファイルは、現在のコード ページ (932) で表示できない文字を含んでいます。データの損失を防ぐために、ファイルを Unicode 形式で保存してください。 (ソース ファイルをコンパイルしています ..\..\..\addons\ofxOpenCv\src\ofxCvShortImage.cpp)
C:\Users\葉月\Documents\CODES\OpenFrameworks\of_v0.9.3_vs_release\libs\openFrameworks\graphics\ofPath.h : warning C4819: ファイルは、現在のコード ページ (932) で表示できない文字を含んでいます。データの損失を防ぐために、ファイルを Unicode 形式で保存してください。 (ソース ファイルをコンパイルしています src\main.cpp)
C:\Users\葉月\Documents\CODES\OpenFrameworks\of_v0.9.3_vs_release\libs\openFrameworks\3d\ofCamera.h : warning C4819: ファイルは、現在のコード ページ (932) で表示できない文字を含んでいます。データの損失を防ぐために、ファイルを Unicode 形式で保存してください。 (ソース ファイルをコンパイルしています ..\..\..\addons\ofxOpenCv\src\ofxCvHaarFinder.cpp)
C:\Users\葉月\Documents\CODES\OpenFrameworks\of_v0.9.3_vs_release\libs\openFrameworks\3d\ofEasyCam.h : warning C4819: ファイルは、現在のコード ページ (932) で表示できない文字を含んでいます。データの損失を防ぐために、ファイルを Unicode 形式で保存してください。 (ソース ファイルをコンパイルしています ..\..\..\addons\ofxOpenCv\src\ofxCvHaarFinder.cpp)
C:\Users\葉月\Documents\CODES\OpenFrameworks\of_v0.9.3_vs_release\libs\openFrameworks\graphics\ofPolyline.h : warning C4819: ファイルは、現在のコード ページ (932) で表示できない文字を含んでいます。データの損失を防ぐために、ファイルを Unicode 形式で保存してください。 (ソース ファイルをコンパイルしています ..\..\..\addons\ofxOpenCv\src\ofxCvImage.cpp)
C:\Users\葉月\Documents\CODES\OpenFrameworks\of_v0.9.3_vs_release\libs\openFrameworks\3d\ofCamera.h : warning C4819: ファイルは、現在のコード ページ (932) で表示できない文字を含んでいます。データの損失を防ぐために、ファイルを Unicode 形式で保存してください。 (ソース ファイルをコンパイルしています src\main.cpp)
C:\Users\葉月\Documents\CODES\OpenFrameworks\of_v0.9.3_vs_release\libs\openFrameworks\3d\ofEasyCam.h : warning C4819: ファイルは、現在のコード ページ (932) で表示できない文字を含んでいます。データの損失を防ぐために、ファイルを Unicode 形式で保存してください。 (ソース ファイルをコンパイルしています src\main.cpp)
C:\Users\葉月\Documents\CODES\OpenFrameworks\of_v0.9.3_vs_release\libs\openFrameworks\graphics\ofPolyline.h : warning C4819: ファイルは、現在のコード ページ (932) で表示できない文字を含んでいます。データの損失を防ぐために、ファイルを Unicode 形式で保存してください。 (ソース ファイルをコンパイルしています ..\..\..\addons\ofxOpenCv\src\ofxCvShortImage.cpp)
C:\Users\葉月\Documents\CODES\OpenFrameworks\of_v0.9.3_vs_release\libs\openFrameworks\graphics\ofPath.h : warning C4819: ファイルは、現在のコード ページ (932) で表示できない文字を含んでいます。データの損失を防ぐために、ファイルを Unicode 形式で保存してください。 (ソース ファイルをコンパイルしています ..\..\..\addons\ofxOpenCv\src\ofxCvImage.cpp)
C:\Users\葉月\Documents\CODES\OpenFrameworks\of_v0.9.3_vs_release\libs\openFrameworks\graphics\ofPath.h : warning C4819: ファイルは、現在のコード ページ (932) で表示できない文字を含んでいます。データの損失を防ぐために、ファイルを Unicode 形式で保存してください。 (ソース ファイルをコンパイルしています ..\..\..\addons\ofxOpenCv\src\ofxCvShortImage.cpp)
C:\Users\葉月\Documents\CODES\OpenFrameworks\of_v0.9.3_vs_release\addons\ofxOpenCv\libs\opencv\include\opencv2/legacy/compat.hpp : warning C4819: ファイルは、現在のコード ページ (932) で表示できない文字を含んでいます。データの損失を防ぐために、ファイルを Unicode 形式で保存してください。 (ソース ファイルをコンパイルしています ..\..\..\addons\ofxOpenCv\src\ofxCvHaarFinder.cpp)
C:\Users\葉月\Documents\CODES\OpenFrameworks\of_v0.9.3_vs_release\libs\openFrameworks\3d\ofCamera.h : warning C4819: ファイルは、現在のコード ページ (932) で表示できない文字を含んでいます。データの損失を防ぐために、ファイルを Unicode 形式で保存してください。 (ソース ファイルをコンパイルしています ..\..\..\addons\ofxOpenCv\src\ofxCvImage.cpp)
C:\Users\葉月\Documents\CODES\OpenFrameworks\of_v0.9.3_vs_release\libs\openFrameworks\3d\ofEasyCam.h : warning C4819: ファイルは、現在のコード ページ (932) で表示できない文字を含んでいます。データの損失を防ぐために、ファイルを Unicode 形式で保存してください。 (ソース ファイルをコンパイルしています ..\..\..\addons\ofxOpenCv\src\ofxCvImage.cpp)
C:\Users\葉月\Documents\CODES\OpenFrameworks\of_v0.9.3_vs_release\libs\openFrameworks\3d\ofCamera.h : warning C4819: ファイルは、現在のコード ページ (932) で表示できない文字を含んでいます。データの損失を防ぐために、ファイルを Unicode 形式で保存してください。 (ソース ファイルをコンパイルしています ..\..\..\addons\ofxOpenCv\src\ofxCvShortImage.cpp)
C:\Users\葉月\Documents\CODES\OpenFrameworks\of_v0.9.3_vs_release\libs\openFrameworks\3d\ofEasyCam.h : warning C4819: ファイルは、現在のコード ページ (932) で表示できない文字を含んでいます。データの損失を防ぐために、ファイルを Unicode 形式で保存してください。 (ソース ファイルをコンパイルしています ..\..\..\addons\ofxOpenCv\src\ofxCvShortImage.cpp)
  ofApp.cpp
  ofKinect.cpp
src\ofKinect.cpp : warning C4819: ファイルは、現在のコード ページ (932) で表示できない文字を含んでいます。データの損失を防ぐために、ファイルを Unicode 形式で保存してください。 (ソース ファイルをコンパイルしています src\ofKinect.cpp)
c:\users\葉月\documents\codes\openframeworks\of_v0.9.3_vs_release\apps\kurapro\kurapro\src\ofKinect.h : warning C4819: ファイルは、現在のコード ページ (932) で表示できない文字を含んでいます。データの損失を防ぐために、ファイルを Unicode 形式で保存してください。 (ソース ファイルをコンパイルしています src\ofKinect.cpp)
C:\Users\葉月\Documents\CODES\OpenFrameworks\of_v0.9.3_vs_release\libs\openFrameworks\utils\ofLog.h : warning C4819: ファイルは、現在のコード ページ (932) で表示できない文字を含んでいます。データの損失を防ぐために、ファイルを Unicode 形式で保存してください。 (ソース ファイルをコンパイルしています src\ofApp.cpp)
C:\Users\葉月\Documents\CODES\OpenFrameworks\of_v0.9.3_vs_release\libs\openFrameworks\types\ofTypes.h : warning C4819: ファイルは、現在のコード ページ (932) で表示できない文字を含んでいます。データの損失を防ぐために、ファイルを Unicode 形式で保存してください。 (ソース ファイルをコンパイルしています src\ofApp.cpp)
c:\users\葉月\documents\codes\openframeworks\of_v0.9.3_vs_release\libs\openframeworks\types\ofColor.h : warning C4819: ファイルは、現在のコード ページ (932) で表示できない文字を含んでいます。データの損失を防ぐために、ファイルを Unicode 形式で保存してください。 (ソース ファイルをコンパイルしています src\ofApp.cpp)
c:\users\葉月\documents\codes\openframeworks\of_v0.9.3_vs_release\libs\openframeworks\math\ofVec3f.h : warning C4819: ファイルは、現在のコード ページ (932) で表示できない文字を含んでいます。データの損失を防ぐために、ファイルを Unicode 形式で保存してください。 (ソース ファイルをコンパイルしています src\ofApp.cpp)
c:\users\葉月\documents\codes\openframeworks\of_v0.9.3_vs_release\libs\openframeworks\math\ofVec2f.h : warning C4819: ファイルは、現在のコード ページ (932) で表示できない文字を含んでいます。データの損失を防ぐために、ファイルを Unicode 形式で保存してください。 (ソース ファイルをコンパイルしています src\ofApp.cpp)
c:\users\葉月\documents\codes\openframeworks\of_v0.9.3_vs_release\libs\openframeworks\types\ofColor.h(778): warning C4819: ファイルは、現在のコード ページ (932) で表示できない文字を含んでいます。データの損失を防ぐために、ファイルを Unicode 形式で保存してください。 (ソース ファイルをコンパイルしています src\ofApp.cpp)
C:\Users\葉月\Documents\CODES\OpenFrameworks\of_v0.9.3_vs_release\libs\openFrameworks\3d\ofMesh.h : warning C4819: ファイルは、現在のコード ページ (932) で表示できない文字を含んでいます。データの損失を防ぐために、ファイルを Unicode 形式で保存してください。 (ソース ファイルをコンパイルしています src\ofApp.cpp)
C:\Users\葉月\Documents\CODES\OpenFrameworks\of_v0.9.3_vs_release\libs\openFrameworks\graphics\ofPolyline.h : warning C4819: ファイルは、現在のコード ページ (932) で表示できない文字を含んでいます。データの損失を防ぐために、ファイルを Unicode 形式で保存してください。 (ソース ファイルをコンパイルしています src\ofApp.cpp)
C:\Users\葉月\Documents\CODES\OpenFrameworks\of_v0.9.3_vs_release\libs\openFrameworks\utils\ofLog.h : warning C4819: ファイルは、現在のコード ページ (932) で表示できない文字を含んでいます。データの損失を防ぐために、ファイルを Unicode 形式で保存してください。 (ソース ファイルをコンパイルしています src\ofKinect.cpp)
C:\Users\葉月\Documents\CODES\OpenFrameworks\of_v0.9.3_vs_release\libs\openFrameworks\types\ofTypes.h : warning C4819: ファイルは、現在のコード ページ (932) で表示できない文字を含んでいます。データの損失を防ぐために、ファイルを Unicode 形式で保存してください。 (ソース ファイルをコンパイルしています src\ofKinect.cpp)
c:\users\葉月\documents\codes\openframeworks\of_v0.9.3_vs_release\libs\openframeworks\types\ofColor.h : warning C4819: ファイルは、現在のコード ページ (932) で表示できない文字を含んでいます。データの損失を防ぐために、ファイルを Unicode 形式で保存してください。 (ソース ファイルをコンパイルしています src\ofKinect.cpp)
c:\users\葉月\documents\codes\openframeworks\of_v0.9.3_vs_release\libs\openframeworks\math\ofVec3f.h : warning C4819: ファイルは、現在のコード ページ (932) で表示できない文字を含んでいます。データの損失を防ぐために、ファイルを Unicode 形式で保存してください。 (ソース ファイルをコンパイルしています src\ofKinect.cpp)
c:\users\葉月\documents\codes\openframeworks\of_v0.9.3_vs_release\libs\openframeworks\math\ofVec2f.h : warning C4819: ファイルは、現在のコード ページ (932) で表示できない文字を含んでいます。データの損失を防ぐために、ファイルを Unicode 形式で保存してください。 (ソース ファイルをコンパイルしています src\ofKinect.cpp)
c:\users\葉月\documents\codes\openframeworks\of_v0.9.3_vs_release\libs\openframeworks\types\ofColor.h(778): warning C4819: ファイルは、現在のコード ページ (932) で表示できない文字を含んでいます。データの損失を防ぐために、ファイルを Unicode 形式で保存してください。 (ソース ファイルをコンパイルしています src\ofKinect.cpp)
C:\Users\葉月\Documents\CODES\OpenFrameworks\of_v0.9.3_vs_release\libs\openFrameworks\graphics\ofPath.h : warning C4819: ファイルは、現在のコード ページ (932) で表示できない文字を含んでいます。データの損失を防ぐために、ファイルを Unicode 形式で保存してください。 (ソース ファイルをコンパイルしています src\ofApp.cpp)
C:\Users\葉月\Documents\CODES\OpenFrameworks\of_v0.9.3_vs_release\libs\openFrameworks\3d\ofMesh.h : warning C4819: ファイルは、現在のコード ページ (932) で表示できない文字を含んでいます。データの損失を防ぐために、ファイルを Unicode 形式で保存してください。 (ソース ファイルをコンパイルしています src\ofKinect.cpp)
C:\Users\葉月\Documents\CODES\OpenFrameworks\of_v0.9.3_vs_release\libs\openFrameworks\3d\ofCamera.h : warning C4819: ファイルは、現在のコード ページ (932) で表示できない文字を含んでいます。データの損失を防ぐために、ファイルを Unicode 形式で保存してください。 (ソース ファイルをコンパイルしています src\ofApp.cpp)
C:\Users\葉月\Documents\CODES\OpenFrameworks\of_v0.9.3_vs_release\libs\openFrameworks\3d\ofEasyCam.h : warning C4819: ファイルは、現在のコード ページ (932) で表示できない文字を含んでいます。データの損失を防ぐために、ファイルを Unicode 形式で保存してください。 (ソース ファイルをコンパイルしています src\ofApp.cpp)
C:\Users\葉月\Documents\CODES\OpenFrameworks\of_v0.9.3_vs_release\libs\openFrameworks\graphics\ofPolyline.h : warning C4819: ファイルは、現在のコード ページ (932) で表示できない文字を含んでいます。データの損失を防ぐために、ファイルを Unicode 形式で保存してください。 (ソース ファイルをコンパイルしています src\ofKinect.cpp)
C:\Users\葉月\Documents\CODES\OpenFrameworks\of_v0.9.3_vs_release\libs\openFrameworks\graphics\ofPath.h : warning C4819: ファイルは、現在のコード ページ (932) で表示できない文字を含んでいます。データの損失を防ぐために、ファイルを Unicode 形式で保存してください。 (ソース ファイルをコンパイルしています src\ofKinect.cpp)
C:\Users\葉月\Documents\CODES\OpenFrameworks\of_v0.9.3_vs_release\libs\openFrameworks\3d\ofCamera.h : warning C4819: ファイルは、現在のコード ページ (932) で表示できない文字を含んでいます。データの損失を防ぐために、ファイルを Unicode 形式で保存してください。 (ソース ファイルをコンパイルしています src\ofKinect.cpp)
C:\Users\葉月\Documents\CODES\OpenFrameworks\of_v0.9.3_vs_release\libs\openFrameworks\3d\ofEasyCam.h : warning C4819: ファイルは、現在のコード ページ (932) で表示できない文字を含んでいます。データの損失を防ぐために、ファイルを Unicode 形式で保存してください。 (ソース ファイルをコンパイルしています src\ofKinect.cpp)
     ライブラリ bin\KuraPro_debug.lib とオブジェクト bin\KuraPro_debug.exp を作成中
  KuraPro.vcxproj -> C:\Users\葉月\Documents\CODES\OpenFrameworks\of_v0.9.3_vs_release\apps\KuraPro\KuraPro\bin\KuraPro_debug.exe
  KuraPro.vcxproj -> bin\KuraPro_debug.pdb (Full PDB)
  
  	                   9	C:\Users\葉月\Documents\CODES\OpenFrameworks\of_v0.9.3_vs_release\export\vs\Win32\
